<?xml version="1.0" encoding="UTF-8" ?>
<testsuite errors="0" failures="0" hostname="LAPTOP-37F339O8" name="expressivo.ExpressionTest" skipped="0" tests="17" time="0.333" timestamp="2022-06-05T19:10:22">
  <properties>
[...]
</properties>
  <testcase classname="expressivo.ExpressionTest" name="testaddExprSum" time="0.098" />
  <testcase classname="expressivo.ExpressionTest" name="testDifferentiateAddition" time="0.021" />
  <testcase classname="expressivo.ExpressionTest" name="testdifferentiateValue" time="0.009" />
  <testcase classname="expressivo.ExpressionTest" name="testToString_Value" time="0.001" />
  <testcase classname="expressivo.ExpressionTest" name="testToString_Variable" time="0.0" />
  <testcase classname="expressivo.ExpressionTest" name="testExpressionSumOfProducts" time="0.012" />
  <testcase classname="expressivo.ExpressionTest" name="testToString_Addition" time="0.0" />
  <testcase classname="expressivo.ExpressionTest" name="testExpressionNumAndVariable" time="0.01" />
  <testcase classname="expressivo.ExpressionTest" name="testToString_Multiplication" time="0.0" />
  <testcase classname="expressivo.ExpressionTest" name="testAssertionsEnabled" time="0.0" />
  <testcase classname="expressivo.ExpressionTest" name="testEquals_Value" time="0.001" />
  <testcase classname="expressivo.ExpressionTest" name="testExpressionProductsofSums" time="0.013" />
  <testcase classname="expressivo.ExpressionTest" name="testDifferentiateMultiplication" time="0.007" />
  <testcase classname="expressivo.ExpressionTest" name="testaddExpr" time="0.029" />
  <testcase classname="expressivo.ExpressionTest" name="testMultiplyExpr" time="0.027" />
  <testcase classname="expressivo.ExpressionTest" name="testdDifferentiateVariable" time="0.006" />
  <testcase classname="expressivo.ExpressionTest" name="testEquals_Variable" time="0.0" />
  <system-out><![CDATA[differentiate method of addition hitting
expression after differentiation in addition:1
]]></system-out>
  <system-err><![CDATA[]]></system-err>
</testsuite>
