<?xml version="1.0" encoding="UTF-8" ?>
<testsuite errors="0" failures="1" hostname="LAPTOP-37F339O8" name="expressivo.beta.JavaInterfaceTest" skipped="0" tests="6" time="0.292" timestamp="2022-06-05T19:10:23">
  <properties>
[...]
</properties>
  <testcase classname="expressivo.beta.JavaInterfaceTest" name="testParseEquals" time="0.09">
    <failure message="Expected identical expressions to be equal expected: expressivo.Multiplication&lt;(x) * (x)&gt; but was: expressivo.Multiplication&lt;(x) * (x)&gt;" type="junit.framework.AssertionFailedError">junit.framework.AssertionFailedError: Expected identical expressions to be equal expected: expressivo.Multiplication&lt;(x) * (x)&gt; but was: expressivo.Multiplication&lt;(x) * (x)&gt;
	at expressivo.beta.JavaInterfaceTest.testParseEquals(JavaInterfaceTest.java:24)
</failure>
  </testcase>
  <testcase classname="expressivo.beta.JavaInterfaceTest" name="testDifferentiate" time="0.026" />
  <testcase classname="expressivo.beta.JavaInterfaceTest" name="testParseToString" time="0.017" />
  <testcase classname="expressivo.beta.JavaInterfaceTest" name="testSimplifyTwice" time="0.016" />
  <testcase classname="expressivo.beta.JavaInterfaceTest" name="testParseInvalid" time="0.017" />
  <testcase classname="expressivo.beta.JavaInterfaceTest" name="testSimplify" time="0.013" />
  <system-out><![CDATA[class of expression:class expressivo.Variable
]]></system-out>
  <system-err><![CDATA[lib6005.parser.UnableToParseException: String does not match grammar 
Error in line 1 col 0
Expected ||[a-zA-Z]|[0-9]|( but saw !moo<EOIN>
	at lib6005.parser.Parser.parse(Parser.java:153)
	at expressivo.Expression.parse(Expression.java:43)
	at expressivo.beta.JavaInterfaceTest.testParseInvalid(JavaInterfaceTest.java:17)
	at sun.reflect.NativeMethodAccessorImpl.invoke0(Native Method)
	at sun.reflect.NativeMethodAccessorImpl.invoke(NativeMethodAccessorImpl.java:62)
	at sun.reflect.DelegatingMethodAccessorImpl.invoke(DelegatingMethodAccessorImpl.java:43)
	at java.lang.reflect.Method.invoke(Method.java:498)
	at org.junit.runners.model.FrameworkMethod$1.runReflectiveCall(FrameworkMethod.java:50)
	at org.junit.internal.runners.model.ReflectiveCallable.run(ReflectiveCallable.java:12)
	at org.junit.runners.model.FrameworkMethod.invokeExplosively(FrameworkMethod.java:47)
	at org.junit.internal.runners.statements.InvokeMethod.evaluate(InvokeMethod.java:17)
	at org.junit.internal.runners.statements.ExpectException.evaluate(ExpectException.java:19)
	at org.junit.runners.ParentRunner.runLeaf(ParentRunner.java:325)
	at org.junit.runners.BlockJUnit4ClassRunner.runChild(BlockJUnit4ClassRunner.java:78)
	at org.junit.runners.BlockJUnit4ClassRunner.runChild(BlockJUnit4ClassRunner.java:57)
	at org.junit.runners.ParentRunner$3.run(ParentRunner.java:290)
	at org.junit.runners.ParentRunner$1.schedule(ParentRunner.java:71)
	at org.junit.runners.ParentRunner.runChildren(ParentRunner.java:288)
	at org.junit.runners.ParentRunner.access$000(ParentRunner.java:58)
	at org.junit.runners.ParentRunner$2.evaluate(ParentRunner.java:268)
	at org.junit.runners.ParentRunner.run(ParentRunner.java:363)
	at junit.framework.JUnit4TestAdapter.run(JUnit4TestAdapter.java:38)
	at org.apache.tools.ant.taskdefs.optional.junit.JUnitTestRunner.run(JUnitTestRunner.java:535)
	at org.apache.tools.ant.taskdefs.optional.junit.JUnitTestRunner.launch(JUnitTestRunner.java:1197)
	at org.apache.tools.ant.taskdefs.optional.junit.JUnitTestRunner.main(JUnitTestRunner.java:1042)
]]></system-err>
</testsuite>
